<?xml version="1.0" encoding="UTF-8"?>
<!-- Generated by org.testng.reporters.JUnitReportReporter -->
<testsuite hostname="DESKTOP-N2O8J3T" failures="0" tests="2" name="task.Login" time="12.386" errors="0" timestamp="2024-06-07T17:56:18 IST" skipped="0">
  <testcase classname="task.Login" name="login" time="7.389"/>
  <testcase classname="task.Login" name="search" time="4.997"/>
</testsuite> <!-- task.Login -->
